<?xml version="1.0" encoding="UTF-8"?>
<testng-results ignored="0" total="1" passed="1" failed="0" skipped="0">
  <reporter-output>
  </reporter-output>
  <suite started-at="2024-03-11T15:42:57 IST" name="Default suite" finished-at="2024-03-11T15:43:00 IST" duration-ms="2800">
    <groups>
    </groups>
    <test started-at="2024-03-11T15:42:57 IST" name="Default test" finished-at="2024-03-11T15:43:00 IST" duration-ms="2800">
      <class name="com.hms.testcase.patient.TC1">
        <test-method signature="patientLogin()[pri:0, instance:com.hms.testcase.patient.TC1@6580cfdd]" started-at="2024-03-11T15:42:57 IST" name="patientLogin" finished-at="2024-03-11T15:43:00 IST" duration-ms="2774" status="PASS">
          <reporter-output>
          </reporter-output>
        </test-method> <!-- patientLogin -->
      </class> <!-- com.hms.testcase.patient.TC1 -->
    </test> <!-- Default test -->
  </suite> <!-- Default suite -->
</testng-results>
